
{
 range O = 10.0;
 range V = 100.0;
 index h1, h2, h3 = O;
 index p1, p2, p3 = V;
 array f_oo([O][O]), f_ov([O][V]), f_vo([V][O]), f_vv([V][V]), v_oovo([O,O][V,O]);
 array v_oovv([O,O][V,V]), v_ovvo([O,V][V,O]), v_vovo([V,O][V,O]), v_vovv([V,O][V,V]), t_vo([V][O]);
 array t_vvoo([V,V][O,O]), r_vo([V][O]), _a7([V][O]), _a6([V][O]), _a5([V][O]);
 array _a4([V][O]), _a3([V][O]), _a2([V][O]), _a1([V][O]), _a65([O][V]);
 array _a9([V][O]), _a8([V][O]), _a84([O][O]), _a87([V][O]), _a77([O][O]);
 array _a82([V][O]), _a24([V][V]), _a27([V][O]), _a35([O,O][V,O]), _a71([O][V]);
 array _a76([V][O]), _a91([O][V]), _a99([O][O]), _a111([V][O]), _a29([O,O][V,O]);
 array _a34([V][O]), _a117([O][V]), _a123([O][O]), _a139([V][O]), _a18([V][V]);
 array _a21([V][O]), _a40([V][O]), _a42([O][O]), _a45([V][O]), _a70([V][O]);
 array _a53([O][V]), _a11([O][O]), _a10([V][O]), _a48([O][O]), _a51([V][O]);
 array _a16([V][O]), _a59([O][V]), _a64([V][O]), _a58([V][O]);
 _a7[p1,h1] = (v_vovo[p1,h2,p2,h1] * t_vo[p2,h2]);
 _a6[p1,h1] = (v_vovv[p1,h2,p2,p3] * t_vvoo[p2,p3,h1,h2]);
 _a5[p1,h1] = (v_vovv[p1,h2,p2,p3] * t_vvoo[p3,p2,h1,h2]);
 _a4[p1,h1] = (f_ov[h2,p2] * t_vvoo[p2,p1,h1,h2]);
 _a3[p1,h1] = (f_ov[h2,p2] * t_vvoo[p1,p2,h1,h2]);
 _a2[p1,h1] = (f_oo[h2,h1] * t_vo[p1,h2]);
 _a1[p1,h1] = (f_vv[p1,p2] * t_vo[p2,h1]);
 _a65[h3,p2] = (v_oovv[h2,h3,p2,p3] * t_vo[p3,h2]);
 _a9[p1,h1] = (v_oovo[h2,h3,p2,h1] * t_vvoo[p1,p2,h2,h3]);
 _a8[p1,h1] = (v_ovvo[h2,p1,p2,h1] * t_vo[p2,h2]);
 _a84[h2,h1] = (v_oovo[h2,h3,p2,h1] * t_vo[p2,h3]);
 _a87[p1,h1] = (t_vo[p1,h2] * _a84[h2,h1]);
 _a77[h3,h1] = (v_oovo[h2,h3,p2,h1] * t_vo[p2,h2]);
 _a82[p1,h1] = (t_vo[p1,h3] * _a77[h3,h1]);
 _a24[p1,p3] = (v_vovv[p1,h2,p2,p3] * t_vo[p2,h2]);
 _a27[p1,h1] = (t_vo[p3,h1] * _a24[p1,p3]);
 _a35[h2,h3,p3,h1] = (v_oovv[h2,h3,p2,p3] * t_vo[p2,h1]);
 _a71[h3,p2] = (v_oovv[h2,h3,p2,p3] * t_vo[p3,h2]);
 _a76[p1,h1] = (t_vvoo[p2,p1,h1,h3] * _a71[h3,p2]);
 _a91[h2,p2] = (v_oovv[h2,h3,p2,p3] * t_vo[p3,h3]);
 _a99[h2,h1] = (t_vo[p2,h1] * _a91[h2,p2]);
 _a111[p1,h1] = (t_vo[p1,h2] * _a99[h2,h1]);
 _a29[h2,h3,p3,h1] = (v_oovv[h2,h3,p2,p3] * t_vo[p2,h1]);
 _a34[p1,h1] = (t_vvoo[p1,p3,h3,h2] * _a29[h2,h3,p3,h1]);
 _a117[h3,p2] = (v_oovv[h2,h3,p2,p3] * t_vo[p3,h2]);
 _a123[h3,h1] = (t_vo[p2,h1] * _a117[h3,p2]);
 _a139[p1,h1] = (t_vo[p1,h3] * _a123[h3,h1]);
 _a18[p1,p2] = (v_vovv[p1,h2,p2,p3] * t_vo[p3,h2]);
 _a21[p1,h1] = (t_vo[p2,h1] * _a18[p1,p2]);
 _a40[p1,h1] = (t_vvoo[p1,p3,h2,h3] * _a35[h2,h3,p3,h1]);
 _a42[h2,h1] = (v_oovv[h2,h3,p2,p3] * t_vvoo[p3,p2,h1,h3]);
 _a45[p1,h1] = (t_vo[p1,h2] * _a42[h2,h1]);
 _a70[p1,h1] = (t_vvoo[p1,p2,h1,h3] * _a65[h3,p2]);
 _a53[h3,p3] = (v_oovv[h2,h3,p2,p3] * t_vo[p2,h2]);
 _a11[h2,h1] = (f_ov[h2,p2] * t_vo[p2,h1]);
 _a10[p1,h1] = (v_oovo[h2,h3,p2,h1] * t_vvoo[p1,p2,h3,h2]);
 _a48[h2,h1] = (v_oovv[h2,h3,p2,p3] * t_vvoo[p2,p3,h1,h3]);
 _a51[p1,h1] = (t_vo[p1,h2] * _a48[h2,h1]);
 _a16[p1,h1] = (t_vo[p1,h2] * _a11[h2,h1]);
 _a59[h3,p3] = (v_oovv[h2,h3,p2,p3] * t_vo[p2,h2]);
 _a64[p1,h1] = (t_vvoo[p3,p1,h1,h3] * _a59[h3,p3]);
 _a58[p1,h1] = (t_vvoo[p1,p3,h1,h3] * _a53[h3,p3]);
 r_vo[p1,h1] = (f_vo[p1,h1] + _a1[p1,h1] + -_a2[p1,h1] + (2.0 * _a3[p1,h1]) + -_a4[p1,h1] + -_a5[p1,h1] + (2.0 * _a6[p1,h1]) + -_a7[p1,h1] + (2.0 * _a8[p1,h1]) + _a9[p1,h1] + (-2.0 * _a10[p1,h1]) + -_a16[p1,h1] + (2.0 * _a21[p1,h1]) + -_a27[p1,h1] + _a34[p1,h1] + (-2.0 * _a40[p1,h1]) + _a45[p1,h1] + (-2.0 * _a51[p1,h1]) + (4.0 * _a58[p1,h1]) + (-2.0 * _a64[p1,h1]) + (-2.0 * _a70[p1,h1]) + _a76[p1,h1] + (-2.0 * _a82[p1,h1]) + _a87[p1,h1] + (-2.0 * _a111[p1,h1]) + _a139[p1,h1]);
}